
Sync 2.1   Copyright 2007 Zach Scrivena   2007-12-09

DIRECTORY SYNCHRONIZATION

Source directory: "\\as73tfs01\BuildStore\SRM\TFSEventServices\Drops\Deployer.TST_20090513.1\Precompiled\Web\"
Target directory: "\\as73tfstst01\TDA\E2E\"

File-matching attributes: (name,size,crc)


SUBDIRECTORY: ".\"

 No. of source files matched: 21 of 22
 [M1:ns c] "AclChangedEndpoint.asmx"
 [M2:ns c] "AppSetting.config"
 [M3:ns c] "BranchMovedEndpoint.asmx"
 [M4:ns c] "BuildCompletionEndpoint.asmx"
 [M5:ns c] "BuildStatusChangeEndpoint.asmx"
 [M6:ns c] "CheckInEndpoint.asmx"
 [M7:ns c] "CommonStructureChangedEndpoint.asmx"
 [M8:ns c] "DataChangedEndpoint.asmx"
 [M9:ns c] "Default.aspx"
 [M10:ns c] "IdentityChangedEndpoint.asmx"
 [M11:ns c] "IdentityCreatedEndpoint.asmx"
 [M12:ns c] "IdentityDeletedEndpoint.asmx"
 [M13:ns c] "MembershipChangedEndpoint.asmx"
 [M14:ns c] "NodeCreatedEndpoint.asmx"
 [M15:ns c] "NodeRenamedEndpoint.asmx"
 [M16:ns c] "NodesDeletedEndpoint.asmx"
 [M17:ns c] "PrecompiledApp.config"
 [M18:ns c] "ProjectCreatedEndpoint.asmx"
 [M19:ns c] "ProjectDeletedEndpoint.asmx"
 [M20:ns c] "WorkItemChangedEndpoint.asmx"
 [M21:ns c] "vwd.webinfo"

 Synchronize last-modified time of 21 matched target files?
  (Y)es/(N)o/(A)lways/Neve(R): 
Sync aborted.

