
Sync 2.1   Copyright 2007 Zach Scrivena   2007-12-09

DIRECTORY SYNCHRONIZATION

Source directory: "\\as73tfs01\BuildStore\SRM\TFSEventServices\Drops\Deployer.TST_20090513.1\Precompiled\Web\"
Target directory: "\\as73tfstst01\TDA\ASY\"

File-matching attributes: (name,size,crc)


SUBDIRECTORY: ".\"

 No. of source files matched: 21 of 22
 [M1:nstc] "AclChangedEndpoint.asmx"
 [M2:nstc] "AppSetting.config"
 [M3:nstc] "BranchMovedEndpoint.asmx"
 [M4:nstc] "BuildCompletionEndpoint.asmx"
 [M5:nstc] "BuildStatusChangeEndpoint.asmx"
 [M6:nstc] "CheckInEndpoint.asmx"
 [M7:nstc] "CommonStructureChangedEndpoint.asmx"
 [M8:nstc] "DataChangedEndpoint.asmx"
 [M9:nstc] "Default.aspx"
 [M10:nstc] "IdentityChangedEndpoint.asmx"
 [M11:nstc] "IdentityCreatedEndpoint.asmx"
 [M12:nstc] "IdentityDeletedEndpoint.asmx"
 [M13:nstc] "MembershipChangedEndpoint.asmx"
 [M14:nstc] "NodeCreatedEndpoint.asmx"
 [M15:nstc] "NodeRenamedEndpoint.asmx"
 [M16:nstc] "NodesDeletedEndpoint.asmx"
 [M17:nstc] "PrecompiledApp.config"
 [M18:nstc] "ProjectCreatedEndpoint.asmx"
 [M19:nstc] "ProjectDeletedEndpoint.asmx"
 [M20:nstc] "WorkItemChangedEndpoint.asmx"
 [M21:nstc] "vwd.webinfo"

 No. of unmatched source files to be copied: 1
 [C1] "web.config" (9.3 kb)
  Overwriting existing file "Web.Config"

SUBDIRECTORY: "bin\"

 No. of source files matched: 22 of 22
 [M22:nstc] "App_Code.compiled"
 [M23:nstc] "App_global.asax.compiled"
 [M24:nstc] "Harleysville.Powershell.Utilities.dll"
 [M25:nstc] "Harleysville.Powershell.Utilities.pdb"
 [M26:nstc] "Harleysville.TFS.EventClasses.dll"
 [M27:nstc] "Harleysville.TFS.EventClasses.pdb"
 [M28:nstc] "Harleysville.TFS.EventServices.dll"
 [M29:nstc] "Microsoft.TeamFoundation.Build.Common.dll"
 [M30:nstc] "Microsoft.TeamFoundation.Client.dll"
 [M31:nstc] "Microsoft.TeamFoundation.Common.Library.dll"
 [M32:nstc] "Microsoft.TeamFoundation.Common.dll"
 [M33:nstc] "Microsoft.TeamFoundation.VersionControl.Client.dll"
 [M34:nstc] "Microsoft.TeamFoundation.VersionControl.Common.Integration.dll"
 [M35:nstc] "Microsoft.TeamFoundation.VersionControl.Common.dll"
 [M36:nstc] "Microsoft.TeamFoundation.WorkItemTracking.Client.Cache.dll"
 [M37:nstc] "Microsoft.TeamFoundation.WorkItemTracking.Client.DataStore.dll"
 [M38:nstc] "Microsoft.TeamFoundation.WorkItemTracking.Client.Provision.dll"
 [M39:nstc] "Microsoft.TeamFoundation.WorkItemTracking.Client.QueryLanguage.dll"
 [M40:nstc] "Microsoft.TeamFoundation.WorkItemTracking.Client.RuleEngine.dll"
 [M41:nstc] "Microsoft.TeamFoundation.WorkItemTracking.Client.dll"
 [M42:nstc] "Microsoft.TeamFoundation.WorkItemTracking.Proxy.dll"
 [M43:nstc] "Microsoft.TeamFoundation.dll"

SYNCHRONIZATION REPORT
 No. of source subdirectories scanned          : 2
 No. of source files scanned                   : 44
 No. of target files scanned                   : 44
 No. of source files matched [M]               : 43
 No. of unmatched source files [C]             : 1 (1 copied)
 No. of unmatched target files/directories [D] : 0 (0 deleted)

Sync is done!

